<?xml version="1.0" encoding="UTF-8"?>
<!-- Generated by org.testng.reporters.JUnitReportReporter -->
<testsuite hostname="WIN-3IDT87LJNE8" name="herbalife.testcase.code.NewTest" tests="3" failures="0" timestamp="13 Jul 2018 09:15:09 GMT" time="26.749" errors="0">
  <testcase name="open" time="3.529" classname="herbalife.testcase.code.NewTest"/>
  <testcase name="open" time="3.001" classname="herbalife.testcase.code.NewTest"/>
  <testcase name="open" time="20.219" classname="herbalife.testcase.code.NewTest"/>
</testsuite> <!-- herbalife.testcase.code.NewTest -->
