<?xml version="1.0" encoding="UTF-8"?>
<!-- Generated by org.testng.reporters.JUnitReportReporter -->
<testsuite hostname="DESKTOP-FGNJ9UP" name="herbalife.testcase.code.NewTest" tests="3" failures="0" timestamp="13 Jul 2018 15:02:47 GMT" time="25.911" errors="0">
  <testcase name="open" time="3.797" classname="herbalife.testcase.code.NewTest"/>
  <testcase name="open" time="1.412" classname="herbalife.testcase.code.NewTest"/>
  <testcase name="open" time="20.702" classname="herbalife.testcase.code.NewTest"/>
</testsuite> <!-- herbalife.testcase.code.NewTest -->
