<?xml version="1.0" encoding="UTF-8"?>
<!-- Generated by org.testng.reporters.JUnitReportReporter -->
<testsuite hostname="WIN-3IDT87LJNE8" name="herbalife.testcase.buy.RSO_1" tests="1" failures="0" timestamp="27 Jul 2018 07:15:51 GMT" time="0.005" errors="0">
  <testcase name="f" time="0.005" classname="herbalife.testcase.buy.RSO_1"/>
</testsuite> <!-- herbalife.testcase.buy.RSO_1 -->
