<?xml version="1.0" encoding="UTF-8"?>
<!-- Generated by org.testng.reporters.JUnitReportReporter -->
<testsuite hostname="WIN-3IDT87LJNE8" name="herbalife.testcase.code.Try" tests="3" failures="0" timestamp="13 Jul 2018 09:30:36 GMT" time="25.524" errors="0">
  <testcase name="open" time="3.675" classname="herbalife.testcase.code.Try"/>
  <testcase name="open" time="1.779" classname="herbalife.testcase.code.Try"/>
  <testcase name="open" time="20.070" classname="herbalife.testcase.code.Try"/>
</testsuite> <!-- herbalife.testcase.code.Try -->
