<?xml version="1.0" encoding="UTF-8"?>
<!-- Generated by org.testng.reporters.JUnitReportReporter -->
<testsuite hostname="WIN-3IDT87LJNE8" name="herbalife.testcase.login.Login" tests="1" failures="0" timestamp="19 Jul 2018 09:38:18 GMT" time="24.770" errors="0">
  <testcase name="login" time="24.770" classname="herbalife.testcase.login.Login"/>
</testsuite> <!-- herbalife.testcase.login.Login -->
