<?xml version="1.0" encoding="UTF-8"?>
<!-- Generated by org.testng.reporters.JUnitReportReporter -->
<testsuite hostname="WIN-3IDT87LJNE8" name="herbalife.testcase.code.NewTest" tests="1" failures="0" timestamp="5 Jul 2018 03:14:56 GMT" time="4.142" errors="0">
  <testcase name="open" time="4.142" classname="herbalife.testcase.code.NewTest"/>
</testsuite> <!-- herbalife.testcase.code.NewTest -->
